1626830445006	geckodriver	INFO	Listening on 127.0.0.1:57520
1626830447998	mozrunner::runner	INFO	Running command: "C:\\Program Files\\Mozilla Firefox\\firefox.exe" "--marionette" "-foreground" "-no-remote" "-profile" "C:\\Users\\Mathe\\AppData\\Local\\Temp\\rust_mozprofileQzqFrE"
1626830449477	Marionette	INFO	Marionette enabled
console.warn: SearchSettings: "get: No settings file exists, new profile?" (new NotFoundError("Could not open the file at C:\\Users\\Mathe\\AppData\\Local\\Temp\\rust_mozprofileQzqFrE\\search.json.mozlz4", (void 0)))
1626830454630	Marionette	INFO	Listening on port 62856
1626830454958	Marionette	WARN	TLS certificate errors will be ignored for this session
JavaScript warning: https://d235vmrai5heq2.cloudfront.net/js/default/review.js?v=V3.1.60076, line 33: unreachable code after return statement
JavaScript warning: https://d235vmrai5heq2.cloudfront.net/js/default/review.js?v=V3.1.60076, line 33: unreachable code after return statement
JavaScript warning: https://d235vmrai5heq2.cloudfront.net/js/default/review.js?v=V3.1.60076, line 33: unreachable code after return statement
JavaScript warning: https://d235vmrai5heq2.cloudfront.net/js/default/review.js?v=V3.1.60076, line 33: unreachable code after return statement
1626830523631	Marionette	INFO	Stopped listening on port 62856
1626830526905	geckodriver	INFO	Listening on 127.0.0.1:63794
1626830529940	mozrunner::runner	INFO	Running command: "C:\\Program Files\\Mozilla Firefox\\firefox.exe" "--marionette" "-foreground" "-no-remote" "-profile" "C:\\Users\\Mathe\\AppData\\Local\\Temp\\rust_mozprofileli8nix"
1626830530822	Marionette	INFO	Marionette enabled
console.warn: SearchSettings: "get: No settings file exists, new profile?" (new NotFoundError("Could not open the file at C:\\Users\\Mathe\\AppData\\Local\\Temp\\rust_mozprofileli8nix\\search.json.mozlz4", (void 0)))
1626830535402	Marionette	INFO	Listening on port 59984
1626830535811	Marionette	WARN	TLS certificate errors will be ignored for this session
JavaScript warning: https://d235vmrai5heq2.cloudfront.net/js/default/review.js?v=V3.1.60076, line 33: unreachable code after return statement
JavaScript warning: https://d235vmrai5heq2.cloudfront.net/js/default/review.js?v=V3.1.60076, line 33: unreachable code after return statement
JavaScript warning: https://d235vmrai5heq2.cloudfront.net/js/default/review.js?v=V3.1.60076, line 33: unreachable code after return statement
JavaScript warning: https://d235vmrai5heq2.cloudfront.net/js/default/review.js?v=V3.1.60076, line 33: unreachable code after return statement
1626830616332	Marionette	INFO	Stopped listening on port 59984
1626830680135	geckodriver	INFO	Listening on 127.0.0.1:53694
1626830683167	mozrunner::runner	INFO	Running command: "C:\\Program Files\\Mozilla Firefox\\firefox.exe" "--marionette" "-foreground" "-no-remote" "-profile" "C:\\Users\\Mathe\\AppData\\Local\\Temp\\rust_mozprofilemdJPWE"
1626830684140	Marionette	INFO	Marionette enabled
console.warn: SearchSettings: "get: No settings file exists, new profile?" (new NotFoundError("Could not open the file at C:\\Users\\Mathe\\AppData\\Local\\Temp\\rust_mozprofilemdJPWE\\search.json.mozlz4", (void 0)))
1626830688818	Marionette	INFO	Listening on port 60665
1626830689034	Marionette	WARN	TLS certificate errors will be ignored for this session
JavaScript warning: https://d235vmrai5heq2.cloudfront.net/js/default/review.js?v=V3.1.60076, line 33: unreachable code after return statement
JavaScript warning: https://d235vmrai5heq2.cloudfront.net/js/default/review.js?v=V3.1.60076, line 33: unreachable code after return statement
JavaScript warning: https://d235vmrai5heq2.cloudfront.net/js/default/review.js?v=V3.1.60076, line 33: unreachable code after return statement
JavaScript warning: https://d235vmrai5heq2.cloudfront.net/js/default/review.js?v=V3.1.60076, line 33: unreachable code after return statement
1626830711794	Marionette	INFO	Stopped listening on port 60665
1626835001606	geckodriver	INFO	Listening on 127.0.0.1:59948
1626835004466	mozrunner::runner	INFO	Running command: "C:\\Program Files\\Mozilla Firefox\\firefox.exe" "--marionette" "-foreground" "-no-remote" "-profile" "C:\\Users\\Mathe\\AppData\\Local\\Temp\\rust_mozprofileednPJV"
1626835005753	Marionette	INFO	Marionette enabled
console.warn: SearchSettings: "get: No settings file exists, new profile?" (new NotFoundError("Could not open the file at C:\\Users\\Mathe\\AppData\\Local\\Temp\\rust_mozprofileednPJV\\search.json.mozlz4", (void 0)))
1626835011190	Marionette	INFO	Listening on port 52283
1626835011585	Marionette	WARN	TLS certificate errors will be ignored for this session
JavaScript warning: https://d235vmrai5heq2.cloudfront.net/js/default/review.js?v=V3.1.60076, line 33: unreachable code after return statement
JavaScript warning: https://d235vmrai5heq2.cloudfront.net/js/default/review.js?v=V3.1.60076, line 33: unreachable code after return statement
JavaScript warning: https://d235vmrai5heq2.cloudfront.net/js/default/review.js?v=V3.1.60076, line 33: unreachable code after return statement
1626835054404	Marionette	INFO	Stopped listening on port 52283
1626835063158	geckodriver	INFO	Listening on 127.0.0.1:51306
1626835066204	mozrunner::runner	INFO	Running command: "C:\\Program Files\\Mozilla Firefox\\firefox.exe" "--marionette" "-foreground" "-no-remote" "-profile" "C:\\Users\\Mathe\\AppData\\Local\\Temp\\rust_mozprofileU4dgO2"
1626835067306	Marionette	INFO	Marionette enabled
console.warn: SearchSettings: "get: No settings file exists, new profile?" (new NotFoundError("Could not open the file at C:\\Users\\Mathe\\AppData\\Local\\Temp\\rust_mozprofileU4dgO2\\search.json.mozlz4", (void 0)))
1626835072513	Marionette	INFO	Listening on port 55532
1626835072568	Marionette	WARN	TLS certificate errors will be ignored for this session
JavaScript warning: https://d235vmrai5heq2.cloudfront.net/js/default/review.js?v=V3.1.60076, line 33: unreachable code after return statement
JavaScript warning: https://d235vmrai5heq2.cloudfront.net/js/default/review.js?v=V3.1.60076, line 33: unreachable code after return statement
JavaScript warning: https://d235vmrai5heq2.cloudfront.net/js/default/review.js?v=V3.1.60076, line 33: unreachable code after return statement
1626835082747	Marionette	INFO	Stopped listening on port 55532

###!!! [Child][MessageChannel] Error: (msgtype=0x230030,name=PBrowser::Msg___delete__) Channel closing: too late to send/recv, messages will be lost


###!!! [Child][RunMessage] Error: Channel closing: too late to send/recv, messages will be lost

1626835656221	geckodriver	INFO	Listening on 127.0.0.1:51893
1626835659291	mozrunner::runner	INFO	Running command: "C:\\Program Files\\Mozilla Firefox\\firefox.exe" "--marionette" "-foreground" "-no-remote" "-profile" "C:\\Users\\Mathe\\AppData\\Local\\Temp\\rust_mozprofile0NsT6w"
1626835660583	Marionette	INFO	Marionette enabled
console.warn: SearchSettings: "get: No settings file exists, new profile?" (new NotFoundError("Could not open the file at C:\\Users\\Mathe\\AppData\\Local\\Temp\\rust_mozprofile0NsT6w\\search.json.mozlz4", (void 0)))
1626835666159	Marionette	INFO	Listening on port 54927
1626835666268	Marionette	WARN	TLS certificate errors will be ignored for this session
JavaScript warning: https://d235vmrai5heq2.cloudfront.net/js/default/review.js?v=V3.1.60076, line 33: unreachable code after return statement
JavaScript warning: https://d235vmrai5heq2.cloudfront.net/js/default/review.js?v=V3.1.60076, line 33: unreachable code after return statement
JavaScript warning: https://d235vmrai5heq2.cloudfront.net/js/default/review.js?v=V3.1.60076, line 33: unreachable code after return statement
JavaScript warning: https://d235vmrai5heq2.cloudfront.net/js/default/review.js?v=V3.1.60076, line 33: unreachable code after return statement
1626835710231	Marionette	INFO	Stopped listening on port 54927

###!!! [Child][RunMessage] Error: Channel closing: too late to send/recv, messages will be lost

1626835713643	geckodriver	INFO	Listening on 127.0.0.1:49623
1626835716598	mozrunner::runner	INFO	Running command: "C:\\Program Files\\Mozilla Firefox\\firefox.exe" "--marionette" "-foreground" "-no-remote" "-profile" "C:\\Users\\Mathe\\AppData\\Local\\Temp\\rust_mozprofile7AlC8y"
1626835717585	Marionette	INFO	Marionette enabled
console.warn: SearchSettings: "get: No settings file exists, new profile?" (new NotFoundError("Could not open the file at C:\\Users\\Mathe\\AppData\\Local\\Temp\\rust_mozprofile7AlC8y\\search.json.mozlz4", (void 0)))
1626835722578	Marionette	INFO	Listening on port 54543
1626835723010	Marionette	WARN	TLS certificate errors will be ignored for this session
JavaScript warning: https://d235vmrai5heq2.cloudfront.net/js/default/review.js?v=V3.1.60076, line 33: unreachable code after return statement
JavaScript warning: https://d235vmrai5heq2.cloudfront.net/js/default/review.js?v=V3.1.60076, line 33: unreachable code after return statement
JavaScript warning: https://d235vmrai5heq2.cloudfront.net/js/default/review.js?v=V3.1.60076, line 33: unreachable code after return statement
JavaScript warning: https://d235vmrai5heq2.cloudfront.net/js/default/review.js?v=V3.1.60076, line 33: unreachable code after return statement
JavaScript error: resource://devtools/server/actors/network-monitor/network-event-actor.js, line 108: Error: Got a request https://maxcdn.bootstrapcdn.com/font-awesome/4.7.0/css/font-awesome.min.css without a browsingContextID set
JavaScript error: resource://devtools/server/actors/network-monitor/network-event-actor.js, line 108: Error: Got a request https://d235vmrai5heq2.cloudfront.net/fonts/fontawesome-free-5.11.1/css/all.min.css without a browsingContextID set
JavaScript error: resource://devtools/server/actors/network-monitor/network-event-actor.js, line 108: Error: Got a request https://d235vmrai5heq2.cloudfront.net/elements/bundles/Zenler/css/Zenler_skeleton.css?v=V3.1.60076 without a browsingContextID set
JavaScript error: resource://devtools/server/actors/network-monitor/network-event-actor.js, line 108: Error: Got a request https://d235vmrai5heq2.cloudfront.net/elements/bundles/Zenler/css/Zenler_blocks.css?v=V3.1.60076 without a browsingContextID set
JavaScript error: resource://devtools/server/actors/network-monitor/network-event-actor.js, line 108: Error: Got a request https://d235vmrai5heq2.cloudfront.net/css/community/icon.css without a browsingContextID set
JavaScript error: resource://devtools/server/actors/network-monitor/network-event-actor.js, line 108: Error: Got a request https://d235vmrai5heq2.cloudfront.net/elements/css/counteverest/counteverest.css without a browsingContextID set
JavaScript error: resource://devtools/server/actors/network-monitor/network-event-actor.js, line 108: Error: Got a request https://d235vmrai5heq2.cloudfront.net/css/manage-elements.css without a browsingContextID set
JavaScript error: resource://devtools/server/actors/network-monitor/network-event-actor.js, line 108: Error: Got a request https://d235vmrai5heq2.cloudfront.net/css/admin/lib/bootstrap-sweetalert/sweetalert.css without a browsingContextID set
JavaScript error: resource://devtools/server/actors/network-monitor/network-event-actor.js, line 108: Error: Got a request https://s3.amazonaws.com/contents.newzenler.com/3072/css/brand.css without a browsingContextID set
JavaScript error: resource://devtools/server/actors/network-monitor/network-event-actor.js, line 108: Error: Got a request https://fonts.googleapis.com/css?family=Catamaran without a browsingContextID set
JavaScript error: resource:///actors/ContentMetaChild.jsm, line 179: InvalidStateError: JSWindowActorChild.sendAsyncMessage: JSWindowActorChild cannot send at the moment
1626835854619	Marionette	INFO	Stopped listening on port 54543
1626835945964	geckodriver	INFO	Listening on 127.0.0.1:59965
1626835948994	mozrunner::runner	INFO	Running command: "C:\\Program Files\\Mozilla Firefox\\firefox.exe" "--marionette" "-foreground" "-no-remote" "-profile" "C:\\Users\\Mathe\\AppData\\Local\\Temp\\rust_mozprofileDS5cgP"
1626835949954	Marionette	INFO	Marionette enabled
console.warn: SearchSettings: "get: No settings file exists, new profile?" (new NotFoundError("Could not open the file at C:\\Users\\Mathe\\AppData\\Local\\Temp\\rust_mozprofileDS5cgP\\search.json.mozlz4", (void 0)))
1626835954689	Marionette	INFO	Listening on port 50820
1626835954877	Marionette	WARN	TLS certificate errors will be ignored for this session
JavaScript warning: https://d235vmrai5heq2.cloudfront.net/js/default/review.js?v=V3.1.60076, line 33: unreachable code after return statement
JavaScript warning: https://d235vmrai5heq2.cloudfront.net/js/default/review.js?v=V3.1.60076, line 33: unreachable code after return statement
JavaScript warning: https://d235vmrai5heq2.cloudfront.net/js/default/review.js?v=V3.1.60076, line 33: unreachable code after return statement
JavaScript warning: https://d235vmrai5heq2.cloudfront.net/js/default/review.js?v=V3.1.60076, line 33: unreachable code after return statement
console.warn: LoginRecipes: "getRecipes: falling back to a synchronous message for:" "https://courses.letskodeit.com"
1626836200612	Marionette	INFO	Stopped listening on port 50820
1626836207913	geckodriver	INFO	Listening on 127.0.0.1:63706
1626836210924	mozrunner::runner	INFO	Running command: "C:\\Program Files\\Mozilla Firefox\\firefox.exe" "--marionette" "-foreground" "-no-remote" "-profile" "C:\\Users\\Mathe\\AppData\\Local\\Temp\\rust_mozprofiledkWWO0"
1626836211884	Marionette	INFO	Marionette enabled
console.warn: SearchSettings: "get: No settings file exists, new profile?" (new NotFoundError("Could not open the file at C:\\Users\\Mathe\\AppData\\Local\\Temp\\rust_mozprofiledkWWO0\\search.json.mozlz4", (void 0)))
1626836216498	Marionette	INFO	Listening on port 59407
1626836216778	Marionette	WARN	TLS certificate errors will be ignored for this session
JavaScript warning: https://d235vmrai5heq2.cloudfront.net/js/default/review.js?v=V3.1.60076, line 33: unreachable code after return statement
JavaScript warning: https://d235vmrai5heq2.cloudfront.net/js/default/review.js?v=V3.1.60076, line 33: unreachable code after return statement
JavaScript warning: https://d235vmrai5heq2.cloudfront.net/js/default/review.js?v=V3.1.60076, line 33: unreachable code after return statement
JavaScript warning: https://d235vmrai5heq2.cloudfront.net/js/default/review.js?v=V3.1.60076, line 33: unreachable code after return statement
1626836239965	Marionette	INFO	Stopped listening on port 59407

###!!! [Child][MessageChannel] Error: (msgtype=0x230030,name=PBrowser::Msg___delete__) Channel closing: too late to send/recv, messages will be lost

