1624981281548	geckodriver	INFO	Listening on 127.0.0.1:63484
1624981284473	mozrunner::runner	INFO	Running command: "C:\\Program Files\\Mozilla Firefox\\firefox.exe" "--marionette" "-foreground" "-no-remote" "-profile" "C:\\Users\\Mathe\\AppData\\Local\\Temp\\rust_mozprofileLusubv"
1624981285747	Marionette	INFO	Marionette enabled
console.warn: SearchSettings: "get: No settings file exists, new profile?" (new NotFoundError("Could not open the file at C:\\Users\\Mathe\\AppData\\Local\\Temp\\rust_mozprofileLusubv\\search.json.mozlz4", (void 0)))
1624981290791	Marionette	INFO	Listening on port 62486
1624981290836	Marionette	WARN	TLS certificate errors will be ignored for this session
JavaScript warning: https://d235vmrai5heq2.cloudfront.net/js/default/review.js?v=V3.1.60069, line 33: unreachable code after return statement
JavaScript warning: https://d235vmrai5heq2.cloudfront.net/js/default/review.js?v=V3.1.60069, line 33: unreachable code after return statement
1624981308677	Marionette	INFO	Stopped listening on port 62486

###!!! [Child][RunMessage] Error: Channel closing: too late to send/recv, messages will be lost

1624981835363	geckodriver	INFO	Listening on 127.0.0.1:53641
1624981838377	mozrunner::runner	INFO	Running command: "C:\\Program Files\\Mozilla Firefox\\firefox.exe" "--marionette" "-foreground" "-no-remote" "-profile" "C:\\Users\\Mathe\\AppData\\Local\\Temp\\rust_mozprofileCZJtrB"
1624981839263	Marionette	INFO	Marionette enabled
console.warn: SearchSettings: "get: No settings file exists, new profile?" (new NotFoundError("Could not open the file at C:\\Users\\Mathe\\AppData\\Local\\Temp\\rust_mozprofileCZJtrB\\search.json.mozlz4", (void 0)))
1624981844618	Marionette	INFO	Listening on port 58330
1624981844749	Marionette	WARN	TLS certificate errors will be ignored for this session
JavaScript warning: https://d235vmrai5heq2.cloudfront.net/js/default/review.js?v=V3.1.60069, line 33: unreachable code after return statement
JavaScript warning: https://d235vmrai5heq2.cloudfront.net/js/default/review.js?v=V3.1.60069, line 33: unreachable code after return statement
1624981866387	Marionette	INFO	Stopped listening on port 58330
1624991485589	geckodriver	INFO	Listening on 127.0.0.1:64345
1624991488612	mozrunner::runner	INFO	Running command: "C:\\Program Files\\Mozilla Firefox\\firefox.exe" "--marionette" "-foreground" "-no-remote" "-profile" "C:\\Users\\Mathe\\AppData\\Local\\Temp\\rust_mozprofile7ir6Zw"
1624991489658	Marionette	INFO	Marionette enabled
console.warn: SearchSettings: "get: No settings file exists, new profile?" (new NotFoundError("Could not open the file at C:\\Users\\Mathe\\AppData\\Local\\Temp\\rust_mozprofile7ir6Zw\\search.json.mozlz4", (void 0)))
1624991494991	Marionette	INFO	Listening on port 57563
1624991495095	Marionette	WARN	TLS certificate errors will be ignored for this session
JavaScript warning: https://d235vmrai5heq2.cloudfront.net/js/default/review.js?v=V3.1.60069, line 33: unreachable code after return statement
JavaScript warning: https://d235vmrai5heq2.cloudfront.net/js/default/review.js?v=V3.1.60069, line 33: unreachable code after return statement
1624991512583	Marionette	INFO	Stopped listening on port 57563
1624992560135	geckodriver	INFO	Listening on 127.0.0.1:59464
1624992563115	mozrunner::runner	INFO	Running command: "C:\\Program Files\\Mozilla Firefox\\firefox.exe" "--marionette" "-foreground" "-no-remote" "-profile" "C:\\Users\\Mathe\\AppData\\Local\\Temp\\rust_mozprofileoUmDww"
1624992564095	Marionette	INFO	Marionette enabled
console.warn: SearchSettings: "get: No settings file exists, new profile?" (new NotFoundError("Could not open the file at C:\\Users\\Mathe\\AppData\\Local\\Temp\\rust_mozprofileoUmDww\\search.json.mozlz4", (void 0)))
1624992569234	Marionette	INFO	Listening on port 49633
1624992569710	Marionette	WARN	TLS certificate errors will be ignored for this session
JavaScript warning: https://d235vmrai5heq2.cloudfront.net/js/default/review.js?v=V3.1.60069, line 33: unreachable code after return statement
JavaScript warning: https://d235vmrai5heq2.cloudfront.net/js/default/review.js?v=V3.1.60069, line 33: unreachable code after return statement
1624992587912	Marionette	INFO	Stopped listening on port 49633
1624992644924	geckodriver	INFO	Listening on 127.0.0.1:60443
1624992647872	mozrunner::runner	INFO	Running command: "C:\\Program Files\\Mozilla Firefox\\firefox.exe" "--marionette" "-foreground" "-no-remote" "-profile" "C:\\Users\\Mathe\\AppData\\Local\\Temp\\rust_mozprofile1Tj1iH"
1624992648906	Marionette	INFO	Marionette enabled
console.warn: SearchSettings: "get: No settings file exists, new profile?" (new NotFoundError("Could not open the file at C:\\Users\\Mathe\\AppData\\Local\\Temp\\rust_mozprofile1Tj1iH\\search.json.mozlz4", (void 0)))
1624992653927	Marionette	INFO	Listening on port 60128
1624992654286	Marionette	WARN	TLS certificate errors will be ignored for this session
JavaScript warning: https://d235vmrai5heq2.cloudfront.net/js/default/review.js?v=V3.1.60069, line 33: unreachable code after return statement
JavaScript warning: https://d235vmrai5heq2.cloudfront.net/js/default/review.js?v=V3.1.60069, line 33: unreachable code after return statement
1624992674960	Marionette	INFO	Stopped listening on port 60128
1624992724636	geckodriver	INFO	Listening on 127.0.0.1:61281
1624992727643	mozrunner::runner	INFO	Running command: "C:\\Program Files\\Mozilla Firefox\\firefox.exe" "--marionette" "-foreground" "-no-remote" "-profile" "C:\\Users\\Mathe\\AppData\\Local\\Temp\\rust_mozprofileQBJyry"
1624992728611	Marionette	INFO	Marionette enabled
console.warn: SearchSettings: "get: No settings file exists, new profile?" (new NotFoundError("Could not open the file at C:\\Users\\Mathe\\AppData\\Local\\Temp\\rust_mozprofileQBJyry\\search.json.mozlz4", (void 0)))
1624992733470	Marionette	INFO	Listening on port 55265
1624992733571	Marionette	WARN	TLS certificate errors will be ignored for this session
JavaScript warning: https://d235vmrai5heq2.cloudfront.net/js/default/review.js?v=V3.1.60069, line 33: unreachable code after return statement
JavaScript warning: https://d235vmrai5heq2.cloudfront.net/js/default/review.js?v=V3.1.60069, line 33: unreachable code after return statement
[Child 13348, IPC I/O Child] WARNING: pipe error: 232: file /builds/worker/checkouts/gecko/ipc/chromium/src/chrome/common/ipc_channel_win.cc:544
1624992771424	Marionette	INFO	Stopped listening on port 55265
1624992781077	geckodriver	INFO	Listening on 127.0.0.1:58357
1624992784144	mozrunner::runner	INFO	Running command: "C:\\Program Files\\Mozilla Firefox\\firefox.exe" "--marionette" "-foreground" "-no-remote" "-profile" "C:\\Users\\Mathe\\AppData\\Local\\Temp\\rust_mozprofileExtRab"
1624992785077	Marionette	INFO	Marionette enabled
console.warn: SearchSettings: "get: No settings file exists, new profile?" (new NotFoundError("Could not open the file at C:\\Users\\Mathe\\AppData\\Local\\Temp\\rust_mozprofileExtRab\\search.json.mozlz4", (void 0)))
1624992789661	Marionette	INFO	Listening on port 54493
1624992790026	Marionette	WARN	TLS certificate errors will be ignored for this session
JavaScript warning: https://d235vmrai5heq2.cloudfront.net/js/default/review.js?v=V3.1.60069, line 33: unreachable code after return statement
JavaScript warning: https://d235vmrai5heq2.cloudfront.net/js/default/review.js?v=V3.1.60069, line 33: unreachable code after return statement
JavaScript error: resource://devtools/server/actors/network-monitor/network-event-actor.js, line 108: Error: Got a request https://maxcdn.bootstrapcdn.com/font-awesome/4.7.0/css/font-awesome.min.css without a browsingContextID set
JavaScript error: resource://devtools/server/actors/network-monitor/network-event-actor.js, line 108: Error: Got a request https://d235vmrai5heq2.cloudfront.net/fonts/fontawesome-free-5.11.1/css/all.min.css without a browsingContextID set
JavaScript error: resource://devtools/server/actors/network-monitor/network-event-actor.js, line 108: Error: Got a request https://d235vmrai5heq2.cloudfront.net/elements/bundles/Zenler/css/Zenler_skeleton.css?v=V3.1.60069 without a browsingContextID set
JavaScript error: resource://devtools/server/actors/network-monitor/network-event-actor.js, line 108: Error: Got a request https://d235vmrai5heq2.cloudfront.net/elements/bundles/Zenler/css/Zenler_blocks.css?v=V3.1.60069 without a browsingContextID set
JavaScript error: resource://devtools/server/actors/network-monitor/network-event-actor.js, line 108: Error: Got a request https://d235vmrai5heq2.cloudfront.net/css/community/icon.css without a browsingContextID set
JavaScript error: resource://devtools/server/actors/network-monitor/network-event-actor.js, line 108: Error: Got a request https://d235vmrai5heq2.cloudfront.net/elements/css/counteverest/counteverest.css without a browsingContextID set
JavaScript error: resource://devtools/server/actors/network-monitor/network-event-actor.js, line 108: Error: Got a request https://d235vmrai5heq2.cloudfront.net/css/manage-elements.css without a browsingContextID set
JavaScript error: resource://devtools/server/actors/network-monitor/network-event-actor.js, line 108: Error: Got a request https://d235vmrai5heq2.cloudfront.net/css/admin/lib/bootstrap-sweetalert/sweetalert.css without a browsingContextID set
JavaScript error: resource://devtools/server/actors/network-monitor/network-event-actor.js, line 108: Error: Got a request https://s3.amazonaws.com/contents.newzenler.com/3072/css/brand.css without a browsingContextID set
JavaScript error: resource://devtools/server/actors/network-monitor/network-event-actor.js, line 108: Error: Got a request https://fonts.googleapis.com/css?family=Catamaran without a browsingContextID set
JavaScript error: resource://devtools/server/actors/network-monitor/network-event-actor.js, line 108: Error: Got a request https://maxcdn.bootstrapcdn.com/font-awesome/4.7.0/css/font-awesome.min.css without a browsingContextID set
JavaScript error: resource://devtools/server/actors/network-monitor/network-event-actor.js, line 108: Error: Got a request https://d235vmrai5heq2.cloudfront.net/fonts/fontawesome-free-5.11.1/css/all.min.css without a browsingContextID set
JavaScript error: resource://devtools/server/actors/network-monitor/network-event-actor.js, line 108: Error: Got a request https://d235vmrai5heq2.cloudfront.net/elements/bundles/Zenler/css/Zenler_skeleton.css?v=V3.1.60069 without a browsingContextID set
JavaScript error: resource://devtools/server/actors/network-monitor/network-event-actor.js, line 108: Error: Got a request https://d235vmrai5heq2.cloudfront.net/elements/bundles/Zenler/css/Zenler_blocks.css?v=V3.1.60069 without a browsingContextID set
JavaScript error: resource://devtools/server/actors/network-monitor/network-event-actor.js, line 108: Error: Got a request https://d235vmrai5heq2.cloudfront.net/css/community/icon.css without a browsingContextID set
JavaScript error: resource://devtools/server/actors/network-monitor/network-event-actor.js, line 108: Error: Got a request https://d235vmrai5heq2.cloudfront.net/elements/css/counteverest/counteverest.css without a browsingContextID set
JavaScript error: resource://devtools/server/actors/network-monitor/network-event-actor.js, line 108: Error: Got a request https://d235vmrai5heq2.cloudfront.net/css/manage-elements.css without a browsingContextID set
JavaScript error: resource://devtools/server/actors/network-monitor/network-event-actor.js, line 108: Error: Got a request https://d235vmrai5heq2.cloudfront.net/css/admin/lib/bootstrap-sweetalert/sweetalert.css without a browsingContextID set
JavaScript error: resource://devtools/server/actors/network-monitor/network-event-actor.js, line 108: Error: Got a request https://s3.amazonaws.com/contents.newzenler.com/3072/css/brand.css without a browsingContextID set
JavaScript error: resource://devtools/server/actors/network-monitor/network-event-actor.js, line 108: Error: Got a request https://fonts.googleapis.com/css?family=Catamaran without a browsingContextID set
JavaScript error: resource://devtools/shared/protocol/Front.js, line 103: Error: Connection closed, pending request to server0.conn0.child4/domnode306, type setNodeValue failed

Request stack:
request@resource://devtools/shared/protocol/Front.js:292:14
generateRequestMethods/</frontProto[name]@resource://devtools/shared/protocol/Front/FrontClassWithSpec.js:46:19
showTextEditor/done/</<@resource://devtools/client/inspector/markup/views/text-editor.js:101:25
do@resource://devtools/client/shared/undo.js:70:16
endBatch@resource://devtools/client/shared/undo.js:81:11
do@resource://devtools/client/shared/undo.js:93:10
showTextEditor/done/<@resource://devtools/client/inspector/markup/views/text-editor.js:99:31
process@resource://gre/modules/Promise-backend.js:961:38
walkerLoop@resource://gre/modules/Promise-backend.js:845:29
Promise*scheduleWalkerLoop@resource://gre/modules/Promise-backend.js:775:19
schedulePromise@resource://gre/modules/Promise-backend.js:809:12
completePromise@resource://gre/modules/Promise-backend.js:741:12

1624992911757	Marionette	INFO	Stopped listening on port 54493
1625004874488	geckodriver	INFO	Listening on 127.0.0.1:55550
1625004877577	mozrunner::runner	INFO	Running command: "C:\\Program Files\\Mozilla Firefox\\firefox.exe" "--marionette" "-foreground" "-no-remote" "-profile" "C:\\Users\\Mathe\\AppData\\Local\\Temp\\rust_mozprofileWCuBJR"
1625004878510	Marionette	INFO	Marionette enabled
console.warn: SearchSettings: "get: No settings file exists, new profile?" (new NotFoundError("Could not open the file at C:\\Users\\Mathe\\AppData\\Local\\Temp\\rust_mozprofileWCuBJR\\search.json.mozlz4", (void 0)))
1625004883903	Marionette	INFO	Listening on port 55558
1625004883953	Marionette	WARN	TLS certificate errors will be ignored for this session
JavaScript warning: https://d235vmrai5heq2.cloudfront.net/js/default/review.js?v=V3.1.60069, line 33: unreachable code after return statement
JavaScript warning: https://d235vmrai5heq2.cloudfront.net/js/default/review.js?v=V3.1.60069, line 33: unreachable code after return statement
1625004894579	Marionette	INFO	Stopped listening on port 55558
1625005088628	geckodriver	INFO	Listening on 127.0.0.1:56128
1625005091559	mozrunner::runner	INFO	Running command: "C:\\Program Files\\Mozilla Firefox\\firefox.exe" "--marionette" "-foreground" "-no-remote" "-profile" "C:\\Users\\Mathe\\AppData\\Local\\Temp\\rust_mozprofileQ2BcaU"
1625005092455	Marionette	INFO	Marionette enabled
console.warn: SearchSettings: "get: No settings file exists, new profile?" (new NotFoundError("Could not open the file at C:\\Users\\Mathe\\AppData\\Local\\Temp\\rust_mozprofileQ2BcaU\\search.json.mozlz4", (void 0)))
1625005097813	Marionette	INFO	Listening on port 56136
1625005097934	Marionette	WARN	TLS certificate errors will be ignored for this session
JavaScript warning: https://d235vmrai5heq2.cloudfront.net/js/default/review.js?v=V3.1.60069, line 33: unreachable code after return statement
JavaScript warning: https://d235vmrai5heq2.cloudfront.net/js/default/review.js?v=V3.1.60069, line 33: unreachable code after return statement
1625005250489	Marionette	INFO	Stopped listening on port 56136
1625005345200	geckodriver	INFO	Listening on 127.0.0.1:53413
1625005348239	mozrunner::runner	INFO	Running command: "C:\\Program Files\\Mozilla Firefox\\firefox.exe" "--marionette" "-foreground" "-no-remote" "-profile" "C:\\Users\\Mathe\\AppData\\Local\\Temp\\rust_mozprofilewVT0iY"
1625005349205	Marionette	INFO	Marionette enabled
console.warn: SearchSettings: "get: No settings file exists, new profile?" (new NotFoundError("Could not open the file at C:\\Users\\Mathe\\AppData\\Local\\Temp\\rust_mozprofilewVT0iY\\search.json.mozlz4", (void 0)))
1625005353916	Marionette	INFO	Listening on port 53421
1625005354131	Marionette	WARN	TLS certificate errors will be ignored for this session
JavaScript warning: https://d235vmrai5heq2.cloudfront.net/js/default/review.js?v=V3.1.60069, line 33: unreachable code after return statement
JavaScript warning: https://d235vmrai5heq2.cloudfront.net/js/default/review.js?v=V3.1.60069, line 33: unreachable code after return statement
1625005367923	Marionette	INFO	Stopped listening on port 53421
1625005466824	geckodriver	INFO	Listening on 127.0.0.1:53512
1625005469836	mozrunner::runner	INFO	Running command: "C:\\Program Files\\Mozilla Firefox\\firefox.exe" "--marionette" "-foreground" "-no-remote" "-profile" "C:\\Users\\Mathe\\AppData\\Local\\Temp\\rust_mozprofileHx4Im0"
1625005470674	Marionette	INFO	Marionette enabled
console.warn: SearchSettings: "get: No settings file exists, new profile?" (new NotFoundError("Could not open the file at C:\\Users\\Mathe\\AppData\\Local\\Temp\\rust_mozprofileHx4Im0\\search.json.mozlz4", (void 0)))
1625005475718	Marionette	INFO	Listening on port 53520
1625005476168	Marionette	WARN	TLS certificate errors will be ignored for this session
JavaScript warning: https://d235vmrai5heq2.cloudfront.net/js/default/review.js?v=V3.1.60069, line 33: unreachable code after return statement
JavaScript warning: https://d235vmrai5heq2.cloudfront.net/js/default/review.js?v=V3.1.60069, line 33: unreachable code after return statement
JavaScript error: resource://devtools/server/actors/network-monitor/network-event-actor.js, line 108: Error: Got a request https://maxcdn.bootstrapcdn.com/font-awesome/4.7.0/css/font-awesome.min.css without a browsingContextID set
JavaScript error: resource://devtools/server/actors/network-monitor/network-event-actor.js, line 108: Error: Got a request https://d235vmrai5heq2.cloudfront.net/fonts/fontawesome-free-5.11.1/css/all.min.css without a browsingContextID set
JavaScript error: resource://devtools/server/actors/network-monitor/network-event-actor.js, line 108: Error: Got a request https://d235vmrai5heq2.cloudfront.net/elements/bundles/Zenler/css/Zenler_skeleton.css?v=V3.1.60069 without a browsingContextID set
JavaScript error: resource://devtools/server/actors/network-monitor/network-event-actor.js, line 108: Error: Got a request https://d235vmrai5heq2.cloudfront.net/elements/bundles/Zenler/css/Zenler_blocks.css?v=V3.1.60069 without a browsingContextID set
JavaScript error: resource://devtools/server/actors/network-monitor/network-event-actor.js, line 108: Error: Got a request https://d235vmrai5heq2.cloudfront.net/css/community/icon.css without a browsingContextID set
JavaScript error: resource://devtools/server/actors/network-monitor/network-event-actor.js, line 108: Error: Got a request https://d235vmrai5heq2.cloudfront.net/elements/css/counteverest/counteverest.css without a browsingContextID set
JavaScript error: resource://devtools/server/actors/network-monitor/network-event-actor.js, line 108: Error: Got a request https://d235vmrai5heq2.cloudfront.net/css/manage-elements.css without a browsingContextID set
JavaScript error: resource://devtools/server/actors/network-monitor/network-event-actor.js, line 108: Error: Got a request https://d235vmrai5heq2.cloudfront.net/css/admin/lib/bootstrap-sweetalert/sweetalert.css without a browsingContextID set
JavaScript error: resource://devtools/server/actors/network-monitor/network-event-actor.js, line 108: Error: Got a request https://s3.amazonaws.com/contents.newzenler.com/3072/css/brand.css without a browsingContextID set
JavaScript error: resource://devtools/server/actors/network-monitor/network-event-actor.js, line 108: Error: Got a request https://fonts.googleapis.com/css?family=Catamaran without a browsingContextID set
JavaScript error: resource://devtools/server/actors/network-monitor/network-event-actor.js, line 108: Error: Got a request https://maxcdn.bootstrapcdn.com/font-awesome/4.7.0/css/font-awesome.min.css without a browsingContextID set
JavaScript error: resource://devtools/server/actors/network-monitor/network-event-actor.js, line 108: Error: Got a request https://d235vmrai5heq2.cloudfront.net/fonts/fontawesome-free-5.11.1/css/all.min.css without a browsingContextID set
JavaScript error: resource://devtools/server/actors/network-monitor/network-event-actor.js, line 108: Error: Got a request https://d235vmrai5heq2.cloudfront.net/elements/bundles/Zenler/css/Zenler_skeleton.css?v=V3.1.60069 without a browsingContextID set
JavaScript error: resource://devtools/server/actors/network-monitor/network-event-actor.js, line 108: Error: Got a request https://d235vmrai5heq2.cloudfront.net/elements/bundles/Zenler/css/Zenler_blocks.css?v=V3.1.60069 without a browsingContextID set
JavaScript error: resource://devtools/server/actors/network-monitor/network-event-actor.js, line 108: Error: Got a request https://d235vmrai5heq2.cloudfront.net/css/community/icon.css without a browsingContextID set
JavaScript error: resource://devtools/server/actors/network-monitor/network-event-actor.js, line 108: Error: Got a request https://d235vmrai5heq2.cloudfront.net/elements/css/counteverest/counteverest.css without a browsingContextID set
JavaScript error: resource://devtools/server/actors/network-monitor/network-event-actor.js, line 108: Error: Got a request https://d235vmrai5heq2.cloudfront.net/css/manage-elements.css without a browsingContextID set
JavaScript error: resource://devtools/server/actors/network-monitor/network-event-actor.js, line 108: Error: Got a request https://d235vmrai5heq2.cloudfront.net/css/admin/lib/bootstrap-sweetalert/sweetalert.css without a browsingContextID set
JavaScript error: resource://devtools/server/actors/network-monitor/network-event-actor.js, line 108: Error: Got a request https://s3.amazonaws.com/contents.newzenler.com/3072/css/brand.css without a browsingContextID set
JavaScript error: resource://devtools/server/actors/network-monitor/network-event-actor.js, line 108: Error: Got a request https://fonts.googleapis.com/css?family=Catamaran without a browsingContextID set
1625005507102	Marionette	INFO	Stopped listening on port 53520

###!!! [Child][RunMessage] Error: Channel closing: too late to send/recv, messages will be lost

1625005844449	geckodriver	INFO	Listening on 127.0.0.1:63227
1625005847486	mozrunner::runner	INFO	Running command: "C:\\Program Files\\Mozilla Firefox\\firefox.exe" "--marionette" "-foreground" "-no-remote" "-profile" "C:\\Users\\Mathe\\AppData\\Local\\Temp\\rust_mozprofileIMIjBR"
1625005848497	Marionette	INFO	Marionette enabled
console.warn: SearchSettings: "get: No settings file exists, new profile?" (new NotFoundError("Could not open the file at C:\\Users\\Mathe\\AppData\\Local\\Temp\\rust_mozprofileIMIjBR\\search.json.mozlz4", (void 0)))
1625005853732	Marionette	INFO	Listening on port 63235
1625005853865	Marionette	WARN	TLS certificate errors will be ignored for this session
JavaScript warning: https://d235vmrai5heq2.cloudfront.net/js/default/review.js?v=V3.1.60069, line 33: unreachable code after return statement
JavaScript warning: https://d235vmrai5heq2.cloudfront.net/js/default/review.js?v=V3.1.60069, line 33: unreachable code after return statement
1625005885479	Marionette	INFO	Stopped listening on port 63235

###!!! [Child][RunMessage] Error: Channel closing: too late to send/recv, messages will be lost

1625005895562	geckodriver	INFO	Listening on 127.0.0.1:64327
1625005898596	mozrunner::runner	INFO	Running command: "C:\\Program Files\\Mozilla Firefox\\firefox.exe" "--marionette" "-foreground" "-no-remote" "-profile" "C:\\Users\\Mathe\\AppData\\Local\\Temp\\rust_mozprofilerN8VU3"
1625005899780	Marionette	INFO	Marionette enabled
console.warn: SearchSettings: "get: No settings file exists, new profile?" (new NotFoundError("Could not open the file at C:\\Users\\Mathe\\AppData\\Local\\Temp\\rust_mozprofilerN8VU3\\search.json.mozlz4", (void 0)))
1625005905745	Marionette	INFO	Listening on port 64335
1625005906207	Marionette	WARN	TLS certificate errors will be ignored for this session
JavaScript warning: https://d235vmrai5heq2.cloudfront.net/js/default/review.js?v=V3.1.60069, line 33: unreachable code after return statement
JavaScript warning: https://d235vmrai5heq2.cloudfront.net/js/default/review.js?v=V3.1.60069, line 33: unreachable code after return statement
1625005922155	Marionette	INFO	Stopped listening on port 64335

###!!! [Child][RunMessage] Error: Channel closing: too late to send/recv, messages will be lost

1625006738566	geckodriver	INFO	Listening on 127.0.0.1:56393
1625006741549	mozrunner::runner	INFO	Running command: "C:\\Program Files\\Mozilla Firefox\\firefox.exe" "--marionette" "-foreground" "-no-remote" "-profile" "C:\\Users\\Mathe\\AppData\\Local\\Temp\\rust_mozprofilewIKp1p"
1625006742635	Marionette	INFO	Marionette enabled
console.warn: SearchSettings: "get: No settings file exists, new profile?" (new NotFoundError("Could not open the file at C:\\Users\\Mathe\\AppData\\Local\\Temp\\rust_mozprofilewIKp1p\\search.json.mozlz4", (void 0)))
1625006748415	Marionette	INFO	Listening on port 56401
1625006748525	Marionette	WARN	TLS certificate errors will be ignored for this session
JavaScript warning: https://d235vmrai5heq2.cloudfront.net/js/default/review.js?v=V3.1.60069, line 33: unreachable code after return statement
JavaScript warning: https://d235vmrai5heq2.cloudfront.net/js/default/review.js?v=V3.1.60069, line 33: unreachable code after return statement
1625006758945	Marionette	INFO	Stopped listening on port 56401

###!!! [Child][RunMessage] Error: Channel closing: too late to send/recv, messages will be lost

1625059802727	geckodriver	INFO	Listening on 127.0.0.1:58394
1625059805684	mozrunner::runner	INFO	Running command: "C:\\Program Files\\Mozilla Firefox\\firefox.exe" "--marionette" "-foreground" "-no-remote" "-profile" "C:\\Users\\Mathe\\AppData\\Local\\Temp\\rust_mozprofileSxOVXi"
1625059806780	Marionette	INFO	Marionette enabled
console.warn: SearchSettings: "get: No settings file exists, new profile?" (new NotFoundError("Could not open the file at C:\\Users\\Mathe\\AppData\\Local\\Temp\\rust_mozprofileSxOVXi\\search.json.mozlz4", (void 0)))
1625059813190	Marionette	INFO	Listening on port 58402
[Parent 12980, IPC I/O Parent] WARNING: file /builds/worker/checkouts/gecko/ipc/chromium/src/base/process_util_win.cc:167
1625059813674	Marionette	WARN	TLS certificate errors will be ignored for this session
JavaScript warning: https://d235vmrai5heq2.cloudfront.net/js/default/review.js?v=V3.1.60069, line 33: unreachable code after return statement
JavaScript warning: https://d235vmrai5heq2.cloudfront.net/js/default/review.js?v=V3.1.60069, line 33: unreachable code after return statement
1625059835954	Marionette	INFO	Stopped listening on port 58402
1625059855857	geckodriver	INFO	Listening on 127.0.0.1:58496
1625059858923	mozrunner::runner	INFO	Running command: "C:\\Program Files\\Mozilla Firefox\\firefox.exe" "--marionette" "-foreground" "-no-remote" "-profile" "C:\\Users\\Mathe\\AppData\\Local\\Temp\\rust_mozprofileYDQyo6"
1625059859947	Marionette	INFO	Marionette enabled
console.warn: SearchSettings: "get: No settings file exists, new profile?" (new NotFoundError("Could not open the file at C:\\Users\\Mathe\\AppData\\Local\\Temp\\rust_mozprofileYDQyo6\\search.json.mozlz4", (void 0)))
1625059866120	Marionette	INFO	Listening on port 58504
1625059866576	Marionette	WARN	TLS certificate errors will be ignored for this session
JavaScript warning: https://d235vmrai5heq2.cloudfront.net/js/default/review.js?v=V3.1.60069, line 33: unreachable code after return statement
JavaScript warning: https://d235vmrai5heq2.cloudfront.net/js/default/review.js?v=V3.1.60069, line 33: unreachable code after return statement
JavaScript warning: https://d235vmrai5heq2.cloudfront.net/js/default/review.js?v=V3.1.60069, line 33: unreachable code after return statement
JavaScript warning: https://d235vmrai5heq2.cloudfront.net/js/default/review.js?v=V3.1.60069, line 33: unreachable code after return statement
1625059909112	Marionette	INFO	Stopped listening on port 58504
1625068562932	geckodriver	INFO	Listening on 127.0.0.1:55217
1625068565972	mozrunner::runner	INFO	Running command: "C:\\Program Files\\Mozilla Firefox\\firefox.exe" "--marionette" "-foreground" "-no-remote" "-profile" "C:\\Users\\Mathe\\AppData\\Local\\Temp\\rust_mozprofileAtwlIh"
1625068567026	Marionette	INFO	Marionette enabled
console.warn: SearchSettings: "get: No settings file exists, new profile?" (new NotFoundError("Could not open the file at C:\\Users\\Mathe\\AppData\\Local\\Temp\\rust_mozprofileAtwlIh\\search.json.mozlz4", (void 0)))
1625068573160	Marionette	INFO	Listening on port 56954
1625068573623	Marionette	WARN	TLS certificate errors will be ignored for this session
JavaScript warning: https://d235vmrai5heq2.cloudfront.net/js/default/review.js?v=V3.1.60069, line 33: unreachable code after return statement
JavaScript warning: https://d235vmrai5heq2.cloudfront.net/js/default/review.js?v=V3.1.60069, line 33: unreachable code after return statement
1625068583786	Marionette	INFO	Stopped listening on port 56954
1625068597311	geckodriver	INFO	Listening on 127.0.0.1:53256
1625068600370	mozrunner::runner	INFO	Running command: "C:\\Program Files\\Mozilla Firefox\\firefox.exe" "--marionette" "-foreground" "-no-remote" "-profile" "C:\\Users\\Mathe\\AppData\\Local\\Temp\\rust_mozprofilewryqXd"
1625068601330	Marionette	INFO	Marionette enabled
console.warn: SearchSettings: "get: No settings file exists, new profile?" (new NotFoundError("Could not open the file at C:\\Users\\Mathe\\AppData\\Local\\Temp\\rust_mozprofilewryqXd\\search.json.mozlz4", (void 0)))
1625068606850	Marionette	INFO	Listening on port 51136
1625068607345	Marionette	WARN	TLS certificate errors will be ignored for this session
JavaScript warning: https://d235vmrai5heq2.cloudfront.net/js/default/review.js?v=V3.1.60069, line 33: unreachable code after return statement
JavaScript warning: https://d235vmrai5heq2.cloudfront.net/js/default/review.js?v=V3.1.60069, line 33: unreachable code after return statement
1625068616618	Marionette	INFO	Stopped listening on port 51136
1625068640349	geckodriver	INFO	Listening on 127.0.0.1:49587
1625068643377	mozrunner::runner	INFO	Running command: "C:\\Program Files\\Mozilla Firefox\\firefox.exe" "--marionette" "-foreground" "-no-remote" "-profile" "C:\\Users\\Mathe\\AppData\\Local\\Temp\\rust_mozprofileZukTEO"
1625068644332	Marionette	INFO	Marionette enabled
console.warn: SearchSettings: "get: No settings file exists, new profile?" (new NotFoundError("Could not open the file at C:\\Users\\Mathe\\AppData\\Local\\Temp\\rust_mozprofileZukTEO\\search.json.mozlz4", (void 0)))
1625068649122	Marionette	INFO	Listening on port 60790
1625068649221	Marionette	WARN	TLS certificate errors will be ignored for this session
JavaScript warning: https://d235vmrai5heq2.cloudfront.net/js/default/review.js?v=V3.1.60069, line 33: unreachable code after return statement
JavaScript warning: https://d235vmrai5heq2.cloudfront.net/js/default/review.js?v=V3.1.60069, line 33: unreachable code after return statement
1625068658125	Marionette	INFO	Stopped listening on port 60790
1625068665056	geckodriver	INFO	Listening on 127.0.0.1:59310
1625068668125	mozrunner::runner	INFO	Running command: "C:\\Program Files\\Mozilla Firefox\\firefox.exe" "--marionette" "-foreground" "-no-remote" "-profile" "C:\\Users\\Mathe\\AppData\\Local\\Temp\\rust_mozprofileMIzVMd"
1625068669041	Marionette	INFO	Marionette enabled
console.warn: SearchSettings: "get: No settings file exists, new profile?" (new NotFoundError("Could not open the file at C:\\Users\\Mathe\\AppData\\Local\\Temp\\rust_mozprofileMIzVMd\\search.json.mozlz4", (void 0)))
1625068673837	Marionette	INFO	Listening on port 55439
1625068673963	Marionette	WARN	TLS certificate errors will be ignored for this session
JavaScript warning: https://d235vmrai5heq2.cloudfront.net/js/default/review.js?v=V3.1.60069, line 33: unreachable code after return statement
JavaScript warning: https://d235vmrai5heq2.cloudfront.net/js/default/review.js?v=V3.1.60069, line 33: unreachable code after return statement
1625068685899	Marionette	INFO	Stopped listening on port 55439
