1625500700510	geckodriver	INFO	Listening on 127.0.0.1:62149
1625500703566	mozrunner::runner	INFO	Running command: "C:\\Program Files\\Mozilla Firefox\\firefox.exe" "--marionette" "-foreground" "-no-remote" "-profile" "C:\\Users\\Mathe\\AppData\\Local\\Temp\\rust_mozprofileJtpeRl"
1625500704531	Marionette	INFO	Marionette enabled
console.warn: SearchSettings: "get: No settings file exists, new profile?" (new NotFoundError("Could not open the file at C:\\Users\\Mathe\\AppData\\Local\\Temp\\rust_mozprofileJtpeRl\\search.json.mozlz4", (void 0)))
1625500709873	Marionette	INFO	Listening on port 62157
1625500710061	Marionette	WARN	TLS certificate errors will be ignored for this session
JavaScript warning: https://d235vmrai5heq2.cloudfront.net/js/default/review.js?v=V3.1.60071, line 33: unreachable code after return statement
JavaScript warning: https://d235vmrai5heq2.cloudfront.net/js/default/review.js?v=V3.1.60071, line 33: unreachable code after return statement
JavaScript warning: https://d235vmrai5heq2.cloudfront.net/js/default/review.js?v=V3.1.60071, line 33: unreachable code after return statement
JavaScript warning: https://d235vmrai5heq2.cloudfront.net/js/default/review.js?v=V3.1.60071, line 33: unreachable code after return statement
JavaScript warning: https://d235vmrai5heq2.cloudfront.net/js/default/review.js?v=V3.1.60071, line 33: unreachable code after return statement
JavaScript warning: https://d235vmrai5heq2.cloudfront.net/js/default/review.js?v=V3.1.60071, line 33: unreachable code after return statement
JavaScript warning: https://d235vmrai5heq2.cloudfront.net/js/default/review.js?v=V3.1.60071, line 33: unreachable code after return statement
1625500732352	Marionette	INFO	Stopped listening on port 62157
1625501161625	geckodriver	INFO	Listening on 127.0.0.1:61815
1625501164636	mozrunner::runner	INFO	Running command: "C:\\Program Files\\Mozilla Firefox\\firefox.exe" "--marionette" "-foreground" "-no-remote" "-profile" "C:\\Users\\Mathe\\AppData\\Local\\Temp\\rust_mozprofileOhD3Dw"
1625501165706	Marionette	INFO	Marionette enabled
console.warn: SearchSettings: "get: No settings file exists, new profile?" (new NotFoundError("Could not open the file at C:\\Users\\Mathe\\AppData\\Local\\Temp\\rust_mozprofileOhD3Dw\\search.json.mozlz4", (void 0)))
1625501171955	Marionette	INFO	Listening on port 61823
1625501172142	Marionette	WARN	TLS certificate errors will be ignored for this session
JavaScript warning: https://d235vmrai5heq2.cloudfront.net/js/default/review.js?v=V3.1.60071, line 33: unreachable code after return statement
JavaScript warning: https://d235vmrai5heq2.cloudfront.net/js/default/review.js?v=V3.1.60071, line 33: unreachable code after return statement
JavaScript warning: https://d235vmrai5heq2.cloudfront.net/js/default/review.js?v=V3.1.60071, line 33: unreachable code after return statement
JavaScript warning: https://d235vmrai5heq2.cloudfront.net/js/default/review.js?v=V3.1.60071, line 33: unreachable code after return statement
JavaScript warning: https://d235vmrai5heq2.cloudfront.net/js/default/review.js?v=V3.1.60071, line 33: unreachable code after return statement
JavaScript warning: https://d235vmrai5heq2.cloudfront.net/js/default/review.js?v=V3.1.60071, line 33: unreachable code after return statement
JavaScript warning: https://d235vmrai5heq2.cloudfront.net/js/default/review.js?v=V3.1.60071, line 33: unreachable code after return statement
JavaScript warning: https://d235vmrai5heq2.cloudfront.net/js/default/review.js?v=V3.1.60071, line 33: unreachable code after return statement
JavaScript warning: https://d235vmrai5heq2.cloudfront.net/js/default/review.js?v=V3.1.60071, line 33: unreachable code after return statement
JavaScript error: resource:///actors/ContentMetaChild.jsm, line 179: InvalidStateError: JSWindowActorChild.sendAsyncMessage: JSWindowActorChild cannot send at the moment
JavaScript warning: https://d235vmrai5heq2.cloudfront.net/js/default/review.js?v=V3.1.60071, line 33: unreachable code after return statement
1625501196292	Marionette	INFO	Stopped listening on port 61823
1625501337970	geckodriver	INFO	Listening on 127.0.0.1:64620
1625501340998	mozrunner::runner	INFO	Running command: "C:\\Program Files\\Mozilla Firefox\\firefox.exe" "--marionette" "-foreground" "-no-remote" "-profile" "C:\\Users\\Mathe\\AppData\\Local\\Temp\\rust_mozprofiletH0Rkp"
1625501341946	Marionette	INFO	Marionette enabled
console.warn: SearchSettings: "get: No settings file exists, new profile?" (new NotFoundError("Could not open the file at C:\\Users\\Mathe\\AppData\\Local\\Temp\\rust_mozprofiletH0Rkp\\search.json.mozlz4", (void 0)))
1625501346799	Marionette	INFO	Listening on port 64628
1625501346877	Marionette	WARN	TLS certificate errors will be ignored for this session
JavaScript warning: https://d235vmrai5heq2.cloudfront.net/js/default/review.js?v=V3.1.60071, line 33: unreachable code after return statement
JavaScript warning: https://d235vmrai5heq2.cloudfront.net/js/default/review.js?v=V3.1.60071, line 33: unreachable code after return statement
JavaScript warning: https://d235vmrai5heq2.cloudfront.net/js/default/review.js?v=V3.1.60071, line 33: unreachable code after return statement
JavaScript warning: https://d235vmrai5heq2.cloudfront.net/js/default/review.js?v=V3.1.60071, line 33: unreachable code after return statement
JavaScript warning: https://d235vmrai5heq2.cloudfront.net/js/default/review.js?v=V3.1.60071, line 33: unreachable code after return statement
JavaScript warning: https://d235vmrai5heq2.cloudfront.net/js/default/review.js?v=V3.1.60071, line 33: unreachable code after return statement
JavaScript warning: https://d235vmrai5heq2.cloudfront.net/js/default/review.js?v=V3.1.60071, line 33: unreachable code after return statement
1625501369062	Marionette	INFO	Stopped listening on port 64628

###!!! [Child][RunMessage] Error: Channel closing: too late to send/recv, messages will be lost


###!!! [Child][RunMessage] Error: Channel closing: too late to send/recv, messages will be lost

1625501440234	geckodriver	INFO	Listening on 127.0.0.1:64765
1625501443129	mozrunner::runner	INFO	Running command: "C:\\Program Files\\Mozilla Firefox\\firefox.exe" "--marionette" "-foreground" "-no-remote" "-profile" "C:\\Users\\Mathe\\AppData\\Local\\Temp\\rust_mozprofileRDvRmW"
1625501444206	Marionette	INFO	Marionette enabled
console.warn: SearchSettings: "get: No settings file exists, new profile?" (new NotFoundError("Could not open the file at C:\\Users\\Mathe\\AppData\\Local\\Temp\\rust_mozprofileRDvRmW\\search.json.mozlz4", (void 0)))
1625501449626	Marionette	INFO	Listening on port 64773
1625501450152	Marionette	WARN	TLS certificate errors will be ignored for this session
JavaScript warning: https://d235vmrai5heq2.cloudfront.net/js/default/review.js?v=V3.1.60071, line 33: unreachable code after return statement
JavaScript warning: https://d235vmrai5heq2.cloudfront.net/js/default/review.js?v=V3.1.60071, line 33: unreachable code after return statement
JavaScript warning: https://d235vmrai5heq2.cloudfront.net/js/default/review.js?v=V3.1.60071, line 33: unreachable code after return statement
JavaScript warning: https://d235vmrai5heq2.cloudfront.net/js/default/review.js?v=V3.1.60071, line 33: unreachable code after return statement
JavaScript warning: https://d235vmrai5heq2.cloudfront.net/js/default/review.js?v=V3.1.60071, line 33: unreachable code after return statement
JavaScript warning: https://d235vmrai5heq2.cloudfront.net/js/default/review.js?v=V3.1.60071, line 33: unreachable code after return statement
JavaScript warning: https://d235vmrai5heq2.cloudfront.net/js/default/review.js?v=V3.1.60071, line 33: unreachable code after return statement
1625501473955	Marionette	INFO	Stopped listening on port 64773
JavaScript error: resource:///modules/FaviconLoader.jsm, line 596: InvalidStateError: JSWindowActorChild.sendAsyncMessage: JSWindowActorChild cannot send at the moment

###!!! [Child][RunMessage] Error: Channel closing: too late to send/recv, messages will be lost

1625508913692	geckodriver	INFO	Listening on 127.0.0.1:50571
1625508916673	mozrunner::runner	INFO	Running command: "C:\\Program Files\\Mozilla Firefox\\firefox.exe" "--marionette" "-foreground" "-no-remote" "-profile" "C:\\Users\\Mathe\\AppData\\Local\\Temp\\rust_mozprofileci15MK"
1625508917588	Marionette	INFO	Marionette enabled
console.warn: SearchSettings: "get: No settings file exists, new profile?" (new NotFoundError("Could not open the file at C:\\Users\\Mathe\\AppData\\Local\\Temp\\rust_mozprofileci15MK\\search.json.mozlz4", (void 0)))
1625508922701	Marionette	INFO	Listening on port 59462
1625508923045	Marionette	WARN	TLS certificate errors will be ignored for this session
JavaScript warning: https://d235vmrai5heq2.cloudfront.net/js/default/review.js?v=V3.1.60071, line 33: unreachable code after return statement
JavaScript warning: https://d235vmrai5heq2.cloudfront.net/js/default/review.js?v=V3.1.60071, line 33: unreachable code after return statement
JavaScript warning: https://d235vmrai5heq2.cloudfront.net/js/default/review.js?v=V3.1.60071, line 33: unreachable code after return statement
1625508942971	Marionette	INFO	Stopped listening on port 59462
1625509123199	geckodriver	INFO	Listening on 127.0.0.1:55224
1625509126237	mozrunner::runner	INFO	Running command: "C:\\Program Files\\Mozilla Firefox\\firefox.exe" "--marionette" "-foreground" "-no-remote" "-profile" "C:\\Users\\Mathe\\AppData\\Local\\Temp\\rust_mozprofileGDIfKv"
1625509127372	Marionette	INFO	Marionette enabled
console.warn: SearchSettings: "get: No settings file exists, new profile?" (new NotFoundError("Could not open the file at C:\\Users\\Mathe\\AppData\\Local\\Temp\\rust_mozprofileGDIfKv\\search.json.mozlz4", (void 0)))
1625509133118	Marionette	INFO	Listening on port 49400
1625509133297	Marionette	WARN	TLS certificate errors will be ignored for this session
JavaScript warning: https://d235vmrai5heq2.cloudfront.net/js/default/review.js?v=V3.1.60071, line 33: unreachable code after return statement
JavaScript warning: https://d235vmrai5heq2.cloudfront.net/js/default/review.js?v=V3.1.60071, line 33: unreachable code after return statement
JavaScript warning: https://d235vmrai5heq2.cloudfront.net/js/default/review.js?v=V3.1.60071, line 33: unreachable code after return statement
1625509155505	Marionette	INFO	Stopped listening on port 49400
1625511420567	geckodriver	INFO	Listening on 127.0.0.1:49910
1625511423576	mozrunner::runner	INFO	Running command: "C:\\Program Files\\Mozilla Firefox\\firefox.exe" "--marionette" "-foreground" "-no-remote" "-profile" "C:\\Users\\Mathe\\AppData\\Local\\Temp\\rust_mozprofilefNalb3"
1625511424533	Marionette	INFO	Marionette enabled
console.warn: SearchSettings: "get: No settings file exists, new profile?" (new NotFoundError("Could not open the file at C:\\Users\\Mathe\\AppData\\Local\\Temp\\rust_mozprofilefNalb3\\search.json.mozlz4", (void 0)))
1625511430170	Marionette	INFO	Listening on port 56661
1625511430544	Marionette	WARN	TLS certificate errors will be ignored for this session
1625511458932	Marionette	INFO	Stopped listening on port 56661
1625511507049	geckodriver	INFO	Listening on 127.0.0.1:60333
1625511510073	mozrunner::runner	INFO	Running command: "C:\\Program Files\\Mozilla Firefox\\firefox.exe" "--marionette" "-foreground" "-no-remote" "-profile" "C:\\Users\\Mathe\\AppData\\Local\\Temp\\rust_mozprofile7Fm41f"
1625511511030	Marionette	INFO	Marionette enabled
console.warn: SearchSettings: "get: No settings file exists, new profile?" (new NotFoundError("Could not open the file at C:\\Users\\Mathe\\AppData\\Local\\Temp\\rust_mozprofile7Fm41f\\search.json.mozlz4", (void 0)))
1625511516128	Marionette	INFO	Listening on port 64053
1625511516439	Marionette	WARN	TLS certificate errors will be ignored for this session
console.error: services.settings: 
  main/message-groups Signature failed  TypeError: NetworkError when attempting to fetch resource.
console.error: services.settings: 
  main/partitioning-exempt-urls Signature failed  TypeError: NetworkError when attempting to fetch resource.
JavaScript error: , line 0: AbortError: A request was aborted, for example through a call to IDBTransaction.abort.
1625511522202	Marionette	INFO	Stopped listening on port 64053

###!!! [Child][RunMessage] Error: Channel closing: too late to send/recv, messages will be lost

1625511766324	geckodriver	INFO	Listening on 127.0.0.1:59802
1625511769371	mozrunner::runner	INFO	Running command: "C:\\Program Files\\Mozilla Firefox\\firefox.exe" "--marionette" "-foreground" "-no-remote" "-profile" "C:\\Users\\Mathe\\AppData\\Local\\Temp\\rust_mozprofilenz4V3T"
1625511770337	Marionette	INFO	Marionette enabled
console.warn: SearchSettings: "get: No settings file exists, new profile?" (new NotFoundError("Could not open the file at C:\\Users\\Mathe\\AppData\\Local\\Temp\\rust_mozprofilenz4V3T\\search.json.mozlz4", (void 0)))
1625511774849	Marionette	INFO	Listening on port 55793
1625511775234	Marionette	WARN	TLS certificate errors will be ignored for this session
[Child 15976, IPC I/O Child] WARNING: pipe error: 232: file /builds/worker/checkouts/gecko/ipc/chromium/src/chrome/common/ipc_channel_win.cc:544
1625511798933	Marionette	INFO	Stopped listening on port 55793
1625511832082	geckodriver	INFO	Listening on 127.0.0.1:65530
1625511835149	mozrunner::runner	INFO	Running command: "C:\\Program Files\\Mozilla Firefox\\firefox.exe" "--marionette" "-foreground" "-no-remote" "-profile" "C:\\Users\\Mathe\\AppData\\Local\\Temp\\rust_mozprofile0MlYBk"
1625511836086	Marionette	INFO	Marionette enabled
console.warn: SearchSettings: "get: No settings file exists, new profile?" (new NotFoundError("Could not open the file at C:\\Users\\Mathe\\AppData\\Local\\Temp\\rust_mozprofile0MlYBk\\search.json.mozlz4", (void 0)))
1625511840829	Marionette	INFO	Listening on port 50488
1625511841040	Marionette	WARN	TLS certificate errors will be ignored for this session
Marionette threw an error: TypeError: browsingContextFn().currentWindowGlobal is null
getMarionetteCommandsActorProxy/get/<@chrome://marionette/content/actors/MarionetteCommandsParent.jsm:327:29

1625511846946	Marionette	INFO	Stopped listening on port 50488
1625512131542	geckodriver	INFO	Listening on 127.0.0.1:64060
1625512134580	mozrunner::runner	INFO	Running command: "C:\\Program Files\\Mozilla Firefox\\firefox.exe" "--marionette" "-foreground" "-no-remote" "-profile" "C:\\Users\\Mathe\\AppData\\Local\\Temp\\rust_mozprofilec5Mod4"
1625512135631	Marionette	INFO	Marionette enabled
console.warn: SearchSettings: "get: No settings file exists, new profile?" (new NotFoundError("Could not open the file at C:\\Users\\Mathe\\AppData\\Local\\Temp\\rust_mozprofilec5Mod4\\search.json.mozlz4", (void 0)))
1625512140517	Marionette	INFO	Listening on port 60213
1625512140929	Marionette	WARN	TLS certificate errors will be ignored for this session
1625512160217	Marionette	INFO	Stopped listening on port 60213

###!!! [Child][RunMessage] Error: Channel closing: too late to send/recv, messages will be lost

1625512232395	geckodriver	INFO	Listening on 127.0.0.1:53609
1625512235411	mozrunner::runner	INFO	Running command: "C:\\Program Files\\Mozilla Firefox\\firefox.exe" "--marionette" "-foreground" "-no-remote" "-profile" "C:\\Users\\Mathe\\AppData\\Local\\Temp\\rust_mozprofile1oFSAd"
1625512236424	Marionette	INFO	Marionette enabled
console.warn: SearchSettings: "get: No settings file exists, new profile?" (new NotFoundError("Could not open the file at C:\\Users\\Mathe\\AppData\\Local\\Temp\\rust_mozprofile1oFSAd\\search.json.mozlz4", (void 0)))
1625512241310	Marionette	INFO	Listening on port 50170
1625512241777	Marionette	WARN	TLS certificate errors will be ignored for this session

###!!! [Child][MessageChannel] Error: (msgtype=0x6A0027,name=PNecko::Msg_RemoveRequestContext) Channel closing: too late to send/recv, messages will be lost

1625512248019	Marionette	INFO	Stopped listening on port 50170
1625512382094	geckodriver	INFO	Listening on 127.0.0.1:53227
1625512385172	mozrunner::runner	INFO	Running command: "C:\\Program Files\\Mozilla Firefox\\firefox.exe" "--marionette" "-foreground" "-no-remote" "-profile" "C:\\Users\\Mathe\\AppData\\Local\\Temp\\rust_mozprofileSzGGcy"
1625512386167	Marionette	INFO	Marionette enabled
console.warn: SearchSettings: "get: No settings file exists, new profile?" (new NotFoundError("Could not open the file at C:\\Users\\Mathe\\AppData\\Local\\Temp\\rust_mozprofileSzGGcy\\search.json.mozlz4", (void 0)))
1625512390980	Marionette	INFO	Listening on port 56755
1625512391506	Marionette	WARN	TLS certificate errors will be ignored for this session
Marionette threw an error: TypeError: this.currentSession is null
GeckoDriver.prototype.getBrowsingContext@chrome://marionette/content/driver.js:292:5
GeckoDriver.prototype.getActor/<@chrome://marionette/content/driver.js:264:10
getMarionetteCommandsActorProxy/get/<@chrome://marionette/content/actors/MarionetteCommandsParent.jsm:327:29
observe@resource://gre/modules/AsyncShutdown.jsm:575:16

JavaScript error: resource://gre/modules/Sqlite.jsm, line 1030: Error: Sqlite.jsm has been shutdown. Cannot open connection to: C:\Users\Mathe\AppData\Local\Temp\rust_mozprofileSzGGcy\protections.sqlite
1625512397117	Marionette	INFO	Stopped listening on port 56755
1625512462034	geckodriver	INFO	Listening on 127.0.0.1:61334
1625512465059	mozrunner::runner	INFO	Running command: "C:\\Program Files\\Mozilla Firefox\\firefox.exe" "--marionette" "-foreground" "-no-remote" "-profile" "C:\\Users\\Mathe\\AppData\\Local\\Temp\\rust_mozprofileOmh2T9"
1625512466009	Marionette	INFO	Marionette enabled
console.warn: SearchSettings: "get: No settings file exists, new profile?" (new NotFoundError("Could not open the file at C:\\Users\\Mathe\\AppData\\Local\\Temp\\rust_mozprofileOmh2T9\\search.json.mozlz4", (void 0)))
1625512471515	Marionette	INFO	Listening on port 58872
1625512472048	Marionette	WARN	TLS certificate errors will be ignored for this session
Marionette threw an error: TypeError: browsingContextFn().currentWindowGlobal is null
getMarionetteCommandsActorProxy/get/<@chrome://marionette/content/actors/MarionetteCommandsParent.jsm:327:29


###!!! [Child][MessageChannel] Error: (msgtype=0x6A0027,name=PNecko::Msg_RemoveRequestContext) Channel closing: too late to send/recv, messages will be lost


###!!! [Child][RunMessage] Error: Channel closing: too late to send/recv, messages will be lost

JavaScript error: resource://gre/modules/AsyncShutdown.jsm, line 718: Error: Phase "Sqlite.jsm: wait until all connections are closed" is finished, it is too late to register completion condition "protections.sqlite#0: waiting for shutdown"
1625512476941	Marionette	INFO	Stopped listening on port 58872
1625512677260	geckodriver	INFO	Listening on 127.0.0.1:61701
1625512680208	mozrunner::runner	INFO	Running command: "C:\\Program Files\\Mozilla Firefox\\firefox.exe" "--marionette" "-foreground" "-no-remote" "-profile" "C:\\Users\\Mathe\\AppData\\Local\\Temp\\rust_mozprofileG9ze2V"
1625512681129	Marionette	INFO	Marionette enabled
console.warn: SearchSettings: "get: No settings file exists, new profile?" (new NotFoundError("Could not open the file at C:\\Users\\Mathe\\AppData\\Local\\Temp\\rust_mozprofileG9ze2V\\search.json.mozlz4", (void 0)))
1625512686161	Marionette	INFO	Listening on port 62544
1625512686564	Marionette	WARN	TLS certificate errors will be ignored for this session
1625512694227	Marionette	INFO	Stopped listening on port 62544
1625513075161	geckodriver	INFO	Listening on 127.0.0.1:59431
1625513078234	mozrunner::runner	INFO	Running command: "C:\\Program Files\\Mozilla Firefox\\firefox.exe" "--marionette" "-foreground" "-no-remote" "-profile" "C:\\Users\\Mathe\\AppData\\Local\\Temp\\rust_mozprofile2rPiHT"
1625513079178	Marionette	INFO	Marionette enabled
console.warn: SearchSettings: "get: No settings file exists, new profile?" (new NotFoundError("Could not open the file at C:\\Users\\Mathe\\AppData\\Local\\Temp\\rust_mozprofile2rPiHT\\search.json.mozlz4", (void 0)))
1625513084220	Marionette	INFO	Listening on port 49306
1625513084607	Marionette	WARN	TLS certificate errors will be ignored for this session
1625513097612	Marionette	INFO	Stopped listening on port 49306
1625530304863	geckodriver	INFO	Listening on 127.0.0.1:52709
1625530307950	mozrunner::runner	INFO	Running command: "C:\\Program Files\\Mozilla Firefox\\firefox.exe" "--marionette" "-foreground" "-no-remote" "-profile" "C:\\Users\\Mathe\\AppData\\Local\\Temp\\rust_mozprofilee9L6Bf"
1625530309320	Marionette	INFO	Marionette enabled
console.warn: SearchSettings: "get: No settings file exists, new profile?" (new NotFoundError("Could not open the file at C:\\Users\\Mathe\\AppData\\Local\\Temp\\rust_mozprofilee9L6Bf\\search.json.mozlz4", (void 0)))
1625530314594	Marionette	INFO	Listening on port 51842
1625530314935	Marionette	WARN	TLS certificate errors will be ignored for this session
JavaScript warning: https://d235vmrai5heq2.cloudfront.net/js/default/review.js?v=V3.1.60071, line 33: unreachable code after return statement
JavaScript warning: https://d235vmrai5heq2.cloudfront.net/js/default/review.js?v=V3.1.60071, line 33: unreachable code after return statement
1625530337080	Marionette	INFO	Stopped listening on port 51842

###!!! [Child][RunMessage] Error: Channel closing: too late to send/recv, messages will be lost

1625530815045	geckodriver	INFO	Listening on 127.0.0.1:60458
1625530818113	mozrunner::runner	INFO	Running command: "C:\\Program Files\\Mozilla Firefox\\firefox.exe" "--marionette" "-foreground" "-no-remote" "-profile" "C:\\Users\\Mathe\\AppData\\Local\\Temp\\rust_mozprofile2etWjL"
1625530819005	Marionette	INFO	Marionette enabled
console.warn: SearchSettings: "get: No settings file exists, new profile?" (new NotFoundError("Could not open the file at C:\\Users\\Mathe\\AppData\\Local\\Temp\\rust_mozprofile2etWjL\\search.json.mozlz4", (void 0)))
1625530823956	Marionette	INFO	Listening on port 58745
1625530824451	Marionette	WARN	TLS certificate errors will be ignored for this session
JavaScript warning: https://d235vmrai5heq2.cloudfront.net/js/default/review.js?v=V3.1.60071, line 33: unreachable code after return statement
JavaScript warning: https://d235vmrai5heq2.cloudfront.net/js/default/review.js?v=V3.1.60071, line 33: unreachable code after return statement
1625530845733	Marionette	INFO	Stopped listening on port 58745
1625531845773	geckodriver	INFO	Listening on 127.0.0.1:61278
1625531848828	mozrunner::runner	INFO	Running command: "C:\\Program Files\\Mozilla Firefox\\firefox.exe" "--marionette" "-foreground" "-no-remote" "-profile" "C:\\Users\\Mathe\\AppData\\Local\\Temp\\rust_mozprofilefQZY27"
1625531849899	Marionette	INFO	Marionette enabled
console.warn: SearchSettings: "get: No settings file exists, new profile?" (new NotFoundError("Could not open the file at C:\\Users\\Mathe\\AppData\\Local\\Temp\\rust_mozprofilefQZY27\\search.json.mozlz4", (void 0)))
1625531855815	Marionette	INFO	Listening on port 59103
1625531855942	Marionette	WARN	TLS certificate errors will be ignored for this session
1625531871975	Marionette	INFO	Stopped listening on port 59103
1625531888281	geckodriver	INFO	Listening on 127.0.0.1:58144
1625531891305	mozrunner::runner	INFO	Running command: "C:\\Program Files\\Mozilla Firefox\\firefox.exe" "--marionette" "-foreground" "-no-remote" "-profile" "C:\\Users\\Mathe\\AppData\\Local\\Temp\\rust_mozprofile6T0cyQ"
1625531892219	Marionette	INFO	Marionette enabled
console.warn: SearchSettings: "get: No settings file exists, new profile?" (new NotFoundError("Could not open the file at C:\\Users\\Mathe\\AppData\\Local\\Temp\\rust_mozprofile6T0cyQ\\search.json.mozlz4", (void 0)))
1625531897111	Marionette	INFO	Listening on port 58532
1625531897188	Marionette	WARN	TLS certificate errors will be ignored for this session
JavaScript warning: https://d235vmrai5heq2.cloudfront.net/js/default/review.js?v=V3.1.60071, line 33: unreachable code after return statement
JavaScript warning: https://d235vmrai5heq2.cloudfront.net/js/default/review.js?v=V3.1.60071, line 33: unreachable code after return statement
1625531918385	Marionette	INFO	Stopped listening on port 58532
1625583482333	geckodriver	INFO	Listening on 127.0.0.1:64451
1625583485284	mozrunner::runner	INFO	Running command: "C:\\Program Files\\Mozilla Firefox\\firefox.exe" "--marionette" "-foreground" "-no-remote" "-profile" "C:\\Users\\Mathe\\AppData\\Local\\Temp\\rust_mozprofileY7lKY0"
1625583487222	Marionette	INFO	Marionette enabled
console.warn: SearchSettings: "get: No settings file exists, new profile?" (new NotFoundError("Could not open the file at C:\\Users\\Mathe\\AppData\\Local\\Temp\\rust_mozprofileY7lKY0\\search.json.mozlz4", (void 0)))
1625583493077	Marionette	INFO	Listening on port 51800
1625583493272	Marionette	WARN	TLS certificate errors will be ignored for this session
JavaScript warning: https://d235vmrai5heq2.cloudfront.net/js/default/review.js?v=V3.1.60071, line 33: unreachable code after return statement
JavaScript warning: https://d235vmrai5heq2.cloudfront.net/js/default/review.js?v=V3.1.60071, line 33: unreachable code after return statement
1625583537527	Marionette	INFO	Stopped listening on port 51801625583537537	mozrunner::runner	INFO	Running command: "C:\\Program Files\\Mozilla Firefox\\firefox.exe" "--marionette" "-foreground" "-no-remote" "-profile" "C:\\Users\\Mathe\\AppData\\Local\\Temp\\rust_mozprofilepnu4wu"
1625583538580	Marionette	INFO	Marionette enabled
console.warn: SearchSettings: "get: No settings file exists, new profile?" (new NotFoundError("Could not open the file at C:\\Users\\Mathe\\AppData\\Local\\Temp\\rust_mozprofilepnu4wu\\search.json.mozlz4", (void 0)))
1625583543783	Marionette	INFO	Listening on port 51161
1625583543903	Marionette	WARN	TLS certificate errors will be ignored for this session
JavaScript warning: https://d235vmrai5heq2.cloudfront.net/js/default/review.js?v=V3.1.60071, line 33: unreachable code after return statement
JavaScript warning: https://d235vmrai5heq2.cloudfront.net/js/default/review.js?v=V3.1.60071, line 33: unreachable code after return statement
1625583575712	Marionette	INFO	Stopped listening on port 51161
1625586639994	geckodriver	INFO	Listening on 127.0.0.1:62190
1625586642855	mozrunner::runner	INFO	Running command: "C:\\Program Files\\Mozilla Firefox\\firefox.exe" "--marionette" "-foreground" "-no-remote" "-profile" "C:\\Users\\Mathe\\AppData\\Local\\Temp\\rust_mozprofilenNTZiK"
1625586644126	Marionette	INFO	Marionette enabled
console.warn: SearchSettings: "get: No settings file exists, new profile?" (new NotFoundError("Could not open the file at C:\\Users\\Mathe\\AppData\\Local\\Temp\\rust_mozprofilenNTZiK\\search.json.mozlz4", (void 0)))
1625586649406	Marionette	INFO	Listening on port 50334
1625586649865	Marionette	WARN	TLS certificate errors will be ignored for this session
JavaScript warning: https://d235vmrai5heq2.cloudfront.net/js/default/review.js?v=V3.1.60071, line 33: unreachable code after return statement
JavaScript warning: https://d235vmrai5heq2.cloudfront.net/js/default/review.js?v=V3.1.60071, line 33: unreachable code after return statement
1625586668495	Marionette	INFO	Stopped listening on port 50334
1625586670418	geckodriver	INFO	Listening on 127.0.0.1:51100
1625586673311	mozrunner::runner	INFO	Running command: "C:\\Program Files\\Mozilla Firefox\\firefox.exe" "--marionette" "-foreground" "-no-remote" "-profile" "C:\\Users\\Mathe\\AppData\\Local\\Temp\\rust_mozprofile90Qjd5"
1625586674204	Marionette	INFO	Marionette enabled
console.warn: SearchSettings: "get: No settings file exists, new profile?" (new NotFoundError("Could not open the file at C:\\Users\\Mathe\\AppData\\Local\\Temp\\rust_mozprofile90Qjd5\\search.json.mozlz4", (void 0)))
1625586679363	Marionette	INFO	Listening on port 51086
1625586679657	Marionette	WARN	TLS certificate errors will be ignored for this session
JavaScript warning: https://cdn.glassboxcdn.com/expedia/detector-dom.min.js, line 63: asm.js type error: cannot create array view without an asm.js heap parameter
JavaScript warning: https://cdn.glassboxcdn.com/expedia/detector-dom.min.js, line 63: asm.js type error: cannot create array view without an asm.js heap parameter
1625586855186	Marionette	INFO	Stopped listening on port 51086

###!!! [Child][RunMessage] Error: Channel closing: too late to send/recv, messages will be lost

"--marionette" "-foreground" "-no-remote" "-profile" "C:\\Users\\Mathe\\AppData\\Local\\Temp\\rust_mozprofileaarXpq"
1625586801965	Marionette	INFO	Marionette enabled
console.warn: SearchSettings: "get: No settings file exists, new profile?" (new NotFoundError("Could not open the file at C:\\Users\\Mathe\\AppData\\Local\\Temp\\rust_mozprofileaarXpq\\search.json.mozlz4", (void 0)))
1625586807347	Marionette	INFO	Listening on port 62161
1625586808009	Marionette	WARN	TLS certificate errors will be ignored for this session
JavaScript warning: https://cdn.glassboxcdn.com/expedia/detector-dom.min.js, line 63: asm.js type error: cannot create array view without an asm.js heap parameter
JavaScript warning: https://cdn.glassboxcdn.com/expedia/detector-dom.min.js, line 63: asm.js type error: cannot create array view without an asm.js heap parameter
1625586827702	Marionette	INFO	Stopped listening on port 62161

###!!! [Child][RunMessage] Error: Channel closing: too late to send/recv, messages will be lost

1625587217887	geckodriver	INFO	Listening on 127.0.0.1:49912
1625587220754	mozrunner::runner	INFO	Running command: "C:\\Program Files\\Mozilla Firefox\\firefox.exe" "--marionette" "-foreground" "-no-remote" "-profile" "C:\\Users\\Mathe\\AppData\\Local\\Temp\\rust_mozprofiledi60Nb"
1625587221775	Marionette	INFO	Marionette enabled
console.warn: SearchSettings: "get: No settings file exists, new profile?" (new NotFoundError("Could not open the file at C:\\Users\\Mathe\\AppData\\Local\\Temp\\rust_mozprofiledi60Nb\\search.json.mozlz4", (void 0)))
1625587226936	Marionette	INFO	Listening on port 54050
1625587227130	Marionette	WARN	TLS certificate errors will be ignored for this session
JavaScript warning: https://cdn.glassboxcdn.com/expedia/detector-dom.min.js, line 63: asm.js type error: cannot create array view without an asm.js heap parameter
JavaScript warning: https://cdn.glassboxcdn.com/expedia/detector-dom.min.js, line 63: asm.js type error: cannot create array view without an asm.js heap parameter

###!!! [Child][MessageChannel] Error: (msgtype=0x5A000D,name=PHttpChannel::Msg___delete__) Channel closing: too late to send/recv, messages will be lost


###!!! [Child][MessageChannel] Error: (msgtype=0x6A0027,name=PNecko::Msg_RemoveRequestContext) Channel closing: too late to send/recv, messages will be lost


###!!! [Child][RunMessage] Error: Channel closing: too late to send/recv, messages will be lost


###!!! [Child][RunMessage] Error: Channel closing: too late to send/recv, messages will be lost


###!!! [Child][MessageChannel] Error: (msgtype=0x390141,name=PContent::Msg_ScriptError) Channel closing: too late to send/recv, messages will be lost


###!!! [Child][MessageChannel] Error: (msgtype=0xAB0006,name=PWebSocket::Msg_DeleteSelf) Channel closing: too late to send/recv, messages will be lost

1625587542883	Marionette	INFO	Stopped listening on port 54050

###!!! [Child][RunMessage] Error: Channel closing: too late to send/recv, messages will be lost

sm.js heap parameter
console.error: services.settings: 
  main/partitioning-exempt-urls Signature failed  TypeError: NetworkError when attempting to fetch resource.
console.error: services.settings: 
  main/message-groups Signature failed  TypeError: NetworkError when attempting to fetch resource.
1625587540012	Marionette	INFO	Stopped listening on port 50574
1625589408421	geckodriver	INFO	Listening on 127.0.0.1:49858
1625589411333	mozrunner::runner	INFO	Running command: "C:\\Program Files\\Mozilla Firefox\\firefox.exe" "--marionette" "-foreground" "-no-remote" "-profile" "C:\\Users\\Mathe\\AppData\\Local\\Temp\\rust_mozprofilesNQ1LU"
1625589412332	Marionette	INFO	Marionette enabled
console.warn: SearchSettings: "get: No settings file exists, new profile?" (new NotFoundError("Could not open the file at C:\\Users\\Mathe\\AppData\\Local\\Temp\\rust_mozprofilesNQ1LU\\search.json.mozlz4", (void 0)))
1625589417619	Marionette	INFO	Listening on port 56695
1625589417737	Marionette	WARN	TLS certificate errors will be ignored for this session
JavaScript warning: https://cdn.glassboxcdn.com/expedia/detector-dom.min.js, line 63: asm.js type error: cannot create array view without an asm.js heap parameter
JavaScript warning: https://cdn.glassboxcdn.com/expedia/detector-dom.min.js, line 63: asm.js type error: cannot create array view without an asm.js heap parameter

###!!! [Child][RunMessage] Error: Channel closing: too late to send/recv, messages will be lost


###!!! [Child][RunMessage] Error: Channel closing: too late to send/recv, messages will be lost


###!!! [Child][RunMessage] Error: Channel closing: too late to send/recv, messages will be lost


###!!! [Child][RunMessage] Error: Channel closing: too late to send/recv, messages will be lost


###!!! [Child][RunMessage] Error: Channel closing: too late to send/recv, messages will be lost


###!!! [Child][MessageChannel] Error: (msgtype=0x390141,name=PContent::Msg_ScriptError) Channel closing: too late to send/recv, messages will be lost


###!!! [Child][MessageChannel] Error: (msgtype=0xAB0006,name=PWebSocket::Msg_DeleteSelf) Channel closing: too late to send/recv, messages will be lost

1625589522013	Marionette	INFO	Stopped listening on port 56695

###!!! [Child][RunMessage] Error: Channel closing: too late to send/recv, messages will be lost

1625589523963	geckodriver	INFO	Listening on 127.0.0.1:52995
1625589527014	mozrunner::runner	INFO	Running command: "C:\\Program Files\\Mozilla Firefox\\firefox.exe" "--marionette" "-foreground" "-no-remote" "-profile" "C:\\Users\\Mathe\\AppData\\Local\\Temp\\rust_mozprofileseXPT6"
1625589528119	Marionette	INFO	Marionette enabled
console.warn: SearchSettings: "get: No settings file exists, new profile?" (new NotFoundError("Could not open the file at C:\\Users\\Mathe\\AppData\\Local\\Temp\\rust_mozprofileseXPT6\\search.json.mozlz4", (void 0)))
1625589533067	Marionette	INFO	Listening on port 50278
1625589533399	Marionette	WARN	TLS certificate errors will be ignored for this session
JavaScript warning: https://cdn.glassboxcdn.com/expedia/detector-dom.min.js, line 63: asm.js type error: cannot create array view without an asm.js heap parameter
JavaScript warning: https://cdn.glassboxcdn.com/expedia/detector-dom.min.js, line 63: asm.js type error: cannot create array view without an asm.js heap parameter
JavaScript error: resource://gre/actors/AutoCompleteChild.jsm, line 125: Error: Invalid autocomplete selectedIndex

###!!! [Child][RunMessage] Error: Channel closing: too late to send/recv, messages will be lost

1625589788764	Marionette	INFO	Stopped listening on port 50278

###!!! [Child][RunMessage] Error: Channel closing: too late to send/recv, messages will be lost

1625589794019	geckodriver	INFO	Listening on 127.0.0.1:61487
1625589797017	mozrunner::runner	INFO	Running command: "C:\\Program Files\\Mozilla Firefox\\firefox.exe" "--marionette" "-foreground" "-no-remote" "-profile" "C:\\Users\\Mathe\\AppData\\Local\\Temp\\rust_mozprofilePFqvee"
1625589798011	Marionette	INFO	Marionette enabled
console.warn: SearchSettings: "get: No settings file exists, new profile?" (new NotFoundError("Could not open the file at C:\\Users\\Mathe\\AppData\\Local\\Temp\\rust_mozprofilePFqvee\\search.json.mozlz4", (void 0)))
1625589803132	Marionette	INFO	Listening on port 60945
1625589803424	Marionette	WARN	TLS certificate errors will be ignored for this session
JavaScript warning: https://cdn.glassboxcdn.com/expedia/detector-dom.min.js, line 63: asm.js type error: cannot create array view without an asm.js heap parameter
JavaScript warning: https://cdn.glassboxcdn.com/expedia/detector-dom.min.js, line 63: asm.js type error: cannot create array view without an asm.js heap parameter
1625590099156	Marionette	INFO	Stopped listening on port 60945

###!!! [Child][RunMessage] Error: Channel closing: too late to send/recv, messages will be lost

1625590105307	geckodriver	INFO	Listening on 127.0.0.1:57527
1625590108327	mozrunner::runner	INFO	Running command: "C:\\Program Files\\Mozilla Firefox\\firefox.exe" "--marionette" "-foreground" "-no-remote" "-profile" "C:\\Users\\Mathe\\AppData\\Local\\Temp\\rust_mozprofileuKoPWT"
1625590109308	Marionette	INFO	Marionette enabled
console.warn: SearchSettings: "get: No settings file exists, new profile?" (new NotFoundError("Could not open the file at C:\\Users\\Mathe\\AppData\\Local\\Temp\\rust_mozprofileuKoPWT\\search.json.mozlz4", (void 0)))
1625590114313	Marionette	INFO	Listening on port 62337
1625590114690	Marionette	WARN	TLS certificate errors will be ignored for this session
JavaScript warning: https://cdn.glassboxcdn.com/expedia/detector-dom.min.js, line 63: asm.js type error: cannot create array view without an asm.js heap parameter
JavaScript warning: https://cdn.glassboxcdn.com/expedia/detector-dom.min.js, line 63: asm.js type error: cannot create array view without an asm.js heap parameter
1625590257272	Marionette	INFO	Stopped listening on port 62337

###!!! [Child][RunMessage] Error: Channel closing: too late to send/recv, messages will be lost

